DEBUG 2026-05-22 16:25:05,360 utils (0.000) 
            SELECT name, type FROM sqlite_master
            WHERE type in ('table', 'view') AND NOT name='sqlite_sequence'
            ORDER BY name; args=None; alias=default
DEBUG 2026-05-22 16:25:05,364 utils (0.000) SELECT "django_migrations"."id", "django_migrations"."app", "django_migrations"."name", "django_migrations"."applied" FROM "django_migrations"; args=(); alias=default
DEBUG 2026-05-22 16:25:28,097 utils (0.000) SELECT "categories_category"."id", "categories_category"."title", "categories_category"."is_deleted", "categories_category"."delete_at" FROM "categories_category" WHERE NOT "categories_category"."is_deleted" ORDER BY "categories_category"."id" ASC LIMIT 7; args=(); alias=default
DEBUG 2026-05-22 16:26:21,451 utils (0.001) INSERT INTO "categories_category" ("title", "is_deleted", "delete_at") VALUES ('╙іхср', 0, NULL) RETURNING "categories_category"."id"; args=('╙іхср', False, None); alias=default
DEBUG 2026-05-22 16:26:37,062 utils (0.001) INSERT INTO "categories_category" ("title", "is_deleted", "delete_at") VALUES ('─юь', 0, NULL) RETURNING "categories_category"."id"; args=('─юь', False, None); alias=default
DEBUG 2026-05-22 16:26:52,840 utils (0.003) INSERT INTO "categories_category" ("title", "is_deleted", "delete_at") VALUES ('╤яюЁҐчры', 0, NULL) RETURNING "categories_category"."id"; args=('╤яюЁҐчры', False, None); alias=default
DEBUG 2026-05-22 16:27:15,091 utils (0.002) INSERT INTO "categories_category" ("title", "is_deleted", "delete_at") VALUES ('─рір', 0, NULL) RETURNING "categories_category"."id"; args=('─рір', False, None); alias=default
DEBUG 2026-05-22 16:27:26,822 utils (0.001) INSERT INTO "categories_category" ("title", "is_deleted", "delete_at") VALUES ('├рЁрц', 0, NULL) RETURNING "categories_category"."id"; args=('├рЁрц', False, None); alias=default
DEBUG 2026-05-22 16:27:32,284 utils (0.000) SELECT "categories_category"."id", "categories_category"."title", "categories_category"."is_deleted", "categories_category"."delete_at" FROM "categories_category" WHERE NOT "categories_category"."is_deleted" ORDER BY "categories_category"."id" ASC LIMIT 7; args=(); alias=default
DEBUG 2026-05-22 16:27:49,686 utils (0.001) INSERT INTO "categories_category" ("title", "is_deleted", "delete_at") VALUES ('┴рЁ', 0, NULL) RETURNING "categories_category"."id"; args=('┴рЁ', False, None); alias=default
DEBUG 2026-05-22 16:27:53,089 utils (0.000) SELECT "categories_category"."id", "categories_category"."title", "categories_category"."is_deleted", "categories_category"."delete_at" FROM "categories_category" WHERE NOT "categories_category"."is_deleted" ORDER BY "categories_category"."id" ASC LIMIT 7; args=(); alias=default
DEBUG 2026-05-22 16:30:44,243 utils (0.000) 
            SELECT name, type FROM sqlite_master
            WHERE type in ('table', 'view') AND NOT name='sqlite_sequence'
            ORDER BY name; args=None; alias=default
DEBUG 2026-05-22 16:30:44,247 utils (0.000) SELECT "django_migrations"."id", "django_migrations"."app", "django_migrations"."name", "django_migrations"."applied" FROM "django_migrations"; args=(); alias=default
DEBUG 2026-05-22 16:30:53,752 utils (0.000) SELECT "categories_category"."id", "categories_category"."title", "categories_category"."is_deleted", "categories_category"."delete_at" FROM "categories_category" WHERE NOT "categories_category"."is_deleted" ORDER BY "categories_category"."id" ASC LIMIT 7; args=(); alias=default
DEBUG 2026-05-22 16:40:19,241 utils (0.000) 
            SELECT name, type FROM sqlite_master
            WHERE type in ('table', 'view') AND NOT name='sqlite_sequence'
            ORDER BY name; args=None; alias=default
DEBUG 2026-05-22 16:40:19,245 utils (0.000) SELECT "django_migrations"."id", "django_migrations"."app", "django_migrations"."name", "django_migrations"."applied" FROM "django_migrations"; args=(); alias=default
DEBUG 2026-05-22 16:40:19,246 utils (0.000) SELECT "auth_user"."id", "auth_user"."password", "auth_user"."last_login", "auth_user"."is_superuser", "auth_user"."username", "auth_user"."first_name", "auth_user"."last_name", "auth_user"."email", "auth_user"."is_staff", "auth_user"."is_active", "auth_user"."date_joined" FROM "auth_user" WHERE "auth_user"."username" = 'illya' LIMIT 21; args=('illya',); alias=default
DEBUG 2026-05-22 16:40:20,983 utils (0.000) SELECT "auth_user"."id", "auth_user"."password", "auth_user"."last_login", "auth_user"."is_superuser", "auth_user"."username", "auth_user"."first_name", "auth_user"."last_name", "auth_user"."email", "auth_user"."is_staff", "auth_user"."is_active", "auth_user"."date_joined" FROM "auth_user" WHERE "auth_user"."username" = 'illia' LIMIT 21; args=('illia',); alias=default
DEBUG 2026-05-22 16:40:47,226 utils (0.001) INSERT INTO "auth_user" ("password", "last_login", "is_superuser", "username", "first_name", "last_name", "email", "is_staff", "is_active", "date_joined") VALUES ('pbkdf2_sha256$1200000$zLemXn6fGxXDMIS9ufWzT9$wMgmgClXyqpcfb2g7e/C0zmkB2v2ybmcLZNIDuU8Rnk=', NULL, 1, 'illia', '', '', 'illyavolosenuk@gmail.com', 1, 1, '2026-05-22 14:40:46.131416') RETURNING "auth_user"."id"; args=('pbkdf2_sha256$1200000$zLemXn6fGxXDMIS9ufWzT9$wMgmgClXyqpcfb2g7e/C0zmkB2v2ybmcLZNIDuU8Rnk=', None, True, 'illia', '', '', 'illyavolosenuk@gmail.com', True, True, '2026-05-22 14:40:46.131416'); alias=default
DEBUG 2026-05-22 16:40:55,414 utils (0.000) 
            SELECT name, type FROM sqlite_master
            WHERE type in ('table', 'view') AND NOT name='sqlite_sequence'
            ORDER BY name; args=None; alias=default
DEBUG 2026-05-22 16:40:55,417 utils (0.000) SELECT "django_migrations"."id", "django_migrations"."app", "django_migrations"."name", "django_migrations"."applied" FROM "django_migrations"; args=(); alias=default
DEBUG 2026-05-22 16:41:28,879 utils (0.000) SELECT "auth_user"."id", "auth_user"."password", "auth_user"."last_login", "auth_user"."is_superuser", "auth_user"."username", "auth_user"."first_name", "auth_user"."last_name", "auth_user"."email", "auth_user"."is_staff", "auth_user"."is_active", "auth_user"."date_joined" FROM "auth_user" WHERE "auth_user"."username" = 'Ґтющ_ыюушэ' LIMIT 21; args=('Ґтющ_ыюушэ',); alias=default
DEBUG 2026-05-22 16:41:48,870 utils (0.000) SELECT "auth_user"."id", "auth_user"."password", "auth_user"."last_login", "auth_user"."is_superuser", "auth_user"."username", "auth_user"."first_name", "auth_user"."last_name", "auth_user"."email", "auth_user"."is_staff", "auth_user"."is_active", "auth_user"."date_joined" FROM "auth_user" WHERE "auth_user"."username" = 'illia' LIMIT 21; args=('illia',); alias=default
DEBUG 2026-05-22 16:42:44,487 utils (0.000) SELECT "auth_user"."id", "auth_user"."password", "auth_user"."last_login", "auth_user"."is_superuser", "auth_user"."username", "auth_user"."first_name", "auth_user"."last_name", "auth_user"."email", "auth_user"."is_staff", "auth_user"."is_active", "auth_user"."date_joined" FROM "auth_user" WHERE "auth_user"."id" = 1 LIMIT 21; args=(1,); alias=default
DEBUG 2026-05-22 16:42:44,488 utils (0.000) SELECT "categories_category"."id", "categories_category"."title", "categories_category"."is_deleted", "categories_category"."delete_at" FROM "categories_category" WHERE NOT "categories_category"."is_deleted" ORDER BY "categories_category"."id" ASC LIMIT 6; args=(); alias=default
DEBUG 2026-05-22 16:43:40,154 utils (0.000) SELECT "auth_user"."id", "auth_user"."password", "auth_user"."last_login", "auth_user"."is_superuser", "auth_user"."username", "auth_user"."first_name", "auth_user"."last_name", "auth_user"."email", "auth_user"."is_staff", "auth_user"."is_active", "auth_user"."date_joined" FROM "auth_user" WHERE "auth_user"."id" = 1 LIMIT 21; args=(1,); alias=default
DEBUG 2026-05-22 16:43:40,155 utils (0.000) SELECT "categories_category"."id", "categories_category"."title", "categories_category"."is_deleted", "categories_category"."delete_at" FROM "categories_category" WHERE NOT "categories_category"."is_deleted" ORDER BY "categories_category"."id" ASC LIMIT 6; args=(); alias=default
DEBUG 2026-05-22 16:43:58,051 utils (0.000) SELECT "auth_user"."id", "auth_user"."password", "auth_user"."last_login", "auth_user"."is_superuser", "auth_user"."username", "auth_user"."first_name", "auth_user"."last_name", "auth_user"."email", "auth_user"."is_staff", "auth_user"."is_active", "auth_user"."date_joined" FROM "auth_user" WHERE "auth_user"."id" = 1 LIMIT 21; args=(1,); alias=default
DEBUG 2026-05-22 16:43:58,052 utils (0.000) SELECT "categories_category"."id", "categories_category"."title", "categories_category"."is_deleted", "categories_category"."delete_at" FROM "categories_category" WHERE (NOT "categories_category"."is_deleted" AND "categories_category"."id" > 6) ORDER BY "categories_category"."id" ASC LIMIT 6; args=(6,); alias=default
DEBUG 2026-05-22 16:53:37,467 utils (0.000) 
            SELECT name, type FROM sqlite_master
            WHERE type in ('table', 'view') AND NOT name='sqlite_sequence'
            ORDER BY name; args=None; alias=default
DEBUG 2026-05-22 16:53:37,470 utils (0.000) SELECT "django_migrations"."id", "django_migrations"."app", "django_migrations"."name", "django_migrations"."applied" FROM "django_migrations"; args=(); alias=default
DEBUG 2026-05-22 16:53:38,772 utils (0.000) 
            SELECT name, type FROM sqlite_master
            WHERE type in ('table', 'view') AND NOT name='sqlite_sequence'
            ORDER BY name; args=None; alias=default
DEBUG 2026-05-22 16:53:38,775 utils (0.000) SELECT "django_migrations"."id", "django_migrations"."app", "django_migrations"."name", "django_migrations"."applied" FROM "django_migrations"; args=(); alias=default
DEBUG 2026-05-22 16:53:38,776 utils (0.000) 
            SELECT name, type FROM sqlite_master
            WHERE type in ('table', 'view') AND NOT name='sqlite_sequence'
            ORDER BY name; args=None; alias=default
DEBUG 2026-05-22 16:53:38,776 utils (0.000) SELECT "django_migrations"."id", "django_migrations"."app", "django_migrations"."name", "django_migrations"."applied" FROM "django_migrations"; args=(); alias=default
DEBUG 2026-05-22 16:53:38,786 utils (0.000) 
            SELECT name, type FROM sqlite_master
            WHERE type in ('table', 'view') AND NOT name='sqlite_sequence'
            ORDER BY name; args=None; alias=default
DEBUG 2026-05-22 16:53:38,787 utils (0.000) PRAGMA foreign_keys = OFF; args=None; alias=default
DEBUG 2026-05-22 16:53:38,787 utils (0.000) PRAGMA foreign_keys; args=None; alias=default
DEBUG 2026-05-22 16:53:38,787 utils (0.000) BEGIN; args=None; alias=default
DEBUG 2026-05-22 16:53:38,794 schema CREATE TABLE "categories_task" ("id" integer NOT NULL PRIMARY KEY AUTOINCREMENT, "title" varchar(255) NOT NULL, "is_deleted" bool NOT NULL, "category_id" bigint NULL REFERENCES "categories_category" ("id") DEFERRABLE INITIALLY DEFERRED, "owner_id" integer NOT NULL REFERENCES "auth_user" ("id") DEFERRABLE INITIALLY DEFERRED); (params None)
DEBUG 2026-05-22 16:53:38,795 utils (0.001) CREATE TABLE "categories_task" ("id" integer NOT NULL PRIMARY KEY AUTOINCREMENT, "title" varchar(255) NOT NULL, "is_deleted" bool NOT NULL, "category_id" bigint NULL REFERENCES "categories_category" ("id") DEFERRABLE INITIALLY DEFERRED, "owner_id" integer NOT NULL REFERENCES "auth_user" ("id") DEFERRABLE INITIALLY DEFERRED); args=None; alias=default
DEBUG 2026-05-22 16:53:38,803 schema CREATE TABLE "categories_subtask" ("id" integer NOT NULL PRIMARY KEY AUTOINCREMENT, "title" varchar(255) NOT NULL, "is_deleted" bool NOT NULL, "owner_id" integer NOT NULL REFERENCES "auth_user" ("id") DEFERRABLE INITIALLY DEFERRED, "task_id" bigint NOT NULL REFERENCES "categories_task" ("id") DEFERRABLE INITIALLY DEFERRED); (params None)
DEBUG 2026-05-22 16:53:38,803 utils (0.000) CREATE TABLE "categories_subtask" ("id" integer NOT NULL PRIMARY KEY AUTOINCREMENT, "title" varchar(255) NOT NULL, "is_deleted" bool NOT NULL, "owner_id" integer NOT NULL REFERENCES "auth_user" ("id") DEFERRABLE INITIALLY DEFERRED, "task_id" bigint NOT NULL REFERENCES "categories_task" ("id") DEFERRABLE INITIALLY DEFERRED); args=None; alias=default
DEBUG 2026-05-22 16:53:38,803 utils (0.000) PRAGMA foreign_key_check; args=None; alias=default
DEBUG 2026-05-22 16:53:38,803 schema CREATE INDEX "categories_task_category_id_4960b92f" ON "categories_task" ("category_id"); (params None)
DEBUG 2026-05-22 16:53:38,804 utils (0.000) CREATE INDEX "categories_task_category_id_4960b92f" ON "categories_task" ("category_id"); args=None; alias=default
DEBUG 2026-05-22 16:53:38,804 schema CREATE INDEX "categories_task_owner_id_8357822c" ON "categories_task" ("owner_id"); (params None)
DEBUG 2026-05-22 16:53:38,804 utils (0.000) CREATE INDEX "categories_task_owner_id_8357822c" ON "categories_task" ("owner_id"); args=None; alias=default
DEBUG 2026-05-22 16:53:38,804 schema CREATE INDEX "categories_subtask_owner_id_8a50220e" ON "categories_subtask" ("owner_id"); (params None)
DEBUG 2026-05-22 16:53:38,804 utils (0.000) CREATE INDEX "categories_subtask_owner_id_8a50220e" ON "categories_subtask" ("owner_id"); args=None; alias=default
DEBUG 2026-05-22 16:53:38,804 schema CREATE INDEX "categories_subtask_task_id_6a7a6c12" ON "categories_subtask" ("task_id"); (params None)
DEBUG 2026-05-22 16:53:38,804 utils (0.000) CREATE INDEX "categories_subtask_task_id_6a7a6c12" ON "categories_subtask" ("task_id"); args=None; alias=default
DEBUG 2026-05-22 16:53:38,810 utils (0.005) COMMIT; args=None; alias=default
DEBUG 2026-05-22 16:53:38,810 utils (0.000) PRAGMA foreign_keys = ON; args=None; alias=default
DEBUG 2026-05-22 16:53:38,812 utils (0.001) INSERT INTO "django_migrations" ("app", "name", "applied") VALUES ('categories', '0002_task_subtask', '2026-05-22 14:53:38.810969') RETURNING "django_migrations"."id"; args=('categories', '0002_task_subtask', '2026-05-22 14:53:38.810969'); alias=default
DEBUG 2026-05-22 16:53:38,817 utils (0.000) SELECT "django_migrations"."id", "django_migrations"."app", "django_migrations"."name", "django_migrations"."applied" FROM "django_migrations"; args=(); alias=default
DEBUG 2026-05-22 16:53:38,819 utils (0.000) SELECT "django_content_type"."model" AS "model" FROM "django_content_type" WHERE "django_content_type"."app_label" = 'admin'; args=('admin',); alias=default
DEBUG 2026-05-22 16:53:38,820 utils (0.000) SELECT "django_content_type"."id", "django_content_type"."app_label", "django_content_type"."model" FROM "django_content_type" WHERE ("django_content_type"."app_label" = 'admin' AND "django_content_type"."model" IN ('logentry')); args=('admin', 'logentry'); alias=default
DEBUG 2026-05-22 16:53:38,821 utils (0.000) SELECT "auth_permission"."content_type_id" AS "content_type", "auth_permission"."codename" AS "codename" FROM "auth_permission" INNER JOIN "django_content_type" ON ("auth_permission"."content_type_id" = "django_content_type"."id") WHERE "auth_permission"."content_type_id" IN (1) ORDER BY "django_content_type"."app_label" ASC, "django_content_type"."model" ASC, 2 ASC; args=(1,); alias=default
DEBUG 2026-05-22 16:53:38,822 utils (0.000) SELECT "django_content_type"."model" AS "model" FROM "django_content_type" WHERE "django_content_type"."app_label" = 'admin'; args=('admin',); alias=default
DEBUG 2026-05-22 16:53:38,822 utils (0.000) SELECT "django_content_type"."model" AS "model" FROM "django_content_type" WHERE "django_content_type"."app_label" = 'auth'; args=('auth',); alias=default
DEBUG 2026-05-22 16:53:38,823 utils (0.000) SELECT "django_content_type"."id", "django_content_type"."app_label", "django_content_type"."model" FROM "django_content_type" WHERE ("django_content_type"."app_label" = 'auth' AND "django_content_type"."model" IN ('permission', 'group', 'user')); args=('auth', 'permission', 'group', 'user'); alias=default
DEBUG 2026-05-22 16:53:38,824 utils (0.000) SELECT "auth_permission"."content_type_id" AS "content_type", "auth_permission"."codename" AS "codename" FROM "auth_permission" INNER JOIN "django_content_type" ON ("auth_permission"."content_type_id" = "django_content_type"."id") WHERE "auth_permission"."content_type_id" IN (2, 3, 4) ORDER BY "django_content_type"."app_label" ASC, "django_content_type"."model" ASC, 2 ASC; args=(2, 3, 4); alias=default
DEBUG 2026-05-22 16:53:38,824 utils (0.000) SELECT "django_content_type"."model" AS "model" FROM "django_content_type" WHERE "django_content_type"."app_label" = 'auth'; args=('auth',); alias=default
DEBUG 2026-05-22 16:53:38,825 utils (0.000) SELECT "django_content_type"."model" AS "model" FROM "django_content_type" WHERE "django_content_type"."app_label" = 'contenttypes'; args=('contenttypes',); alias=default
DEBUG 2026-05-22 16:53:38,825 utils (0.000) SELECT "django_content_type"."id", "django_content_type"."app_label", "django_content_type"."model" FROM "django_content_type" WHERE ("django_content_type"."app_label" = 'contenttypes' AND "django_content_type"."model" IN ('contenttype')); args=('contenttypes', 'contenttype'); alias=default
DEBUG 2026-05-22 16:53:38,826 utils (0.000) SELECT "auth_permission"."content_type_id" AS "content_type", "auth_permission"."codename" AS "codename" FROM "auth_permission" INNER JOIN "django_content_type" ON ("auth_permission"."content_type_id" = "django_content_type"."id") WHERE "auth_permission"."content_type_id" IN (5) ORDER BY "django_content_type"."app_label" ASC, "django_content_type"."model" ASC, 2 ASC; args=(5,); alias=default
DEBUG 2026-05-22 16:53:38,827 utils (0.000) SELECT "django_content_type"."model" AS "model" FROM "django_content_type" WHERE "django_content_type"."app_label" = 'contenttypes'; args=('contenttypes',); alias=default
DEBUG 2026-05-22 16:53:38,828 utils (0.000) SELECT "django_content_type"."model" AS "model" FROM "django_content_type" WHERE "django_content_type"."app_label" = 'sessions'; args=('sessions',); alias=default
DEBUG 2026-05-22 16:53:38,828 utils (0.000) SELECT "django_content_type"."id", "django_content_type"."app_label", "django_content_type"."model" FROM "django_content_type" WHERE ("django_content_type"."app_label" = 'sessions' AND "django_content_type"."model" IN ('session')); args=('sessions', 'session'); alias=default
DEBUG 2026-05-22 16:53:38,830 utils (0.000) SELECT "auth_permission"."content_type_id" AS "content_type", "auth_permission"."codename" AS "codename" FROM "auth_permission" INNER JOIN "django_content_type" ON ("auth_permission"."content_type_id" = "django_content_type"."id") WHERE "auth_permission"."content_type_id" IN (6) ORDER BY "django_content_type"."app_label" ASC, "django_content_type"."model" ASC, 2 ASC; args=(6,); alias=default
DEBUG 2026-05-22 16:53:38,830 utils (0.000) SELECT "django_content_type"."model" AS "model" FROM "django_content_type" WHERE "django_content_type"."app_label" = 'sessions'; args=('sessions',); alias=default
DEBUG 2026-05-22 16:53:38,832 utils (0.000) SELECT "django_content_type"."model" AS "model" FROM "django_content_type" WHERE "django_content_type"."app_label" = 'categories'; args=('categories',); alias=default
DEBUG 2026-05-22 16:53:38,834 utils (0.001) INSERT INTO "django_content_type" ("app_label", "model") VALUES ('categories', 'subtask'), ('categories', 'task') RETURNING "django_content_type"."id"; args=('categories', 'subtask', 'categories', 'task'); alias=default
DEBUG 2026-05-22 16:53:38,838 utils (0.000) SELECT "django_content_type"."id", "django_content_type"."app_label", "django_content_type"."model" FROM "django_content_type" WHERE ("django_content_type"."app_label" = 'categories' AND "django_content_type"."model" IN ('category', 'task', 'subtask')); args=('categories', 'category', 'task', 'subtask'); alias=default
DEBUG 2026-05-22 16:53:38,839 utils (0.000) SELECT "auth_permission"."content_type_id" AS "content_type", "auth_permission"."codename" AS "codename" FROM "auth_permission" INNER JOIN "django_content_type" ON ("auth_permission"."content_type_id" = "django_content_type"."id") WHERE "auth_permission"."content_type_id" IN (8, 9, 7) ORDER BY "django_content_type"."app_label" ASC, "django_content_type"."model" ASC, 2 ASC; args=(8, 9, 7); alias=default
DEBUG 2026-05-22 16:53:38,841 utils (0.001) INSERT INTO "auth_permission" ("name", "content_type_id", "codename") VALUES ('Can add sub task', 8, 'add_subtask'), ('Can change sub task', 8, 'change_subtask'), ('Can delete sub task', 8, 'delete_subtask'), ('Can view sub task', 8, 'view_subtask'), ('Can add task', 9, 'add_task'), ('Can change task', 9, 'change_task'), ('Can delete task', 9, 'delete_task'), ('Can view task', 9, 'view_task') RETURNING "auth_permission"."id"; args=('Can add sub task', 8, 'add_subtask', 'Can change sub task', 8, 'change_subtask', 'Can delete sub task', 8, 'delete_subtask', 'Can view sub task', 8, 'view_subtask', 'Can add task', 9, 'add_task', 'Can change task', 9, 'change_task', 'Can delete task', 9, 'delete_task', 'Can view task', 9, 'view_task'); alias=default
DEBUG 2026-05-22 16:53:38,846 utils (0.000) SELECT "django_content_type"."model" AS "model" FROM "django_content_type" WHERE "django_content_type"."app_label" = 'categories'; args=('categories',); alias=default
DEBUG 2026-05-22 16:53:41,032 utils (0.000) 
            SELECT name, type FROM sqlite_master
            WHERE type in ('table', 'view') AND NOT name='sqlite_sequence'
            ORDER BY name; args=None; alias=default
DEBUG 2026-05-22 16:53:41,035 utils (0.000) SELECT "django_migrations"."id", "django_migrations"."app", "django_migrations"."name", "django_migrations"."applied" FROM "django_migrations"; args=(); alias=default
DEBUG 2026-05-22 16:57:29,238 utils (0.000) SELECT "auth_user"."id", "auth_user"."password", "auth_user"."last_login", "auth_user"."is_superuser", "auth_user"."username", "auth_user"."first_name", "auth_user"."last_name", "auth_user"."email", "auth_user"."is_staff", "auth_user"."is_active", "auth_user"."date_joined" FROM "auth_user" WHERE "auth_user"."username" = 'illia' LIMIT 21; args=('illia',); alias=default
DEBUG 2026-05-22 16:57:54,109 utils (0.000) SELECT "auth_user"."id", "auth_user"."password", "auth_user"."last_login", "auth_user"."is_superuser", "auth_user"."username", "auth_user"."first_name", "auth_user"."last_name", "auth_user"."email", "auth_user"."is_staff", "auth_user"."is_active", "auth_user"."date_joined" FROM "auth_user" WHERE "auth_user"."id" = 1 LIMIT 21; args=(1,); alias=default
DEBUG 2026-05-22 16:57:54,113 utils (0.002) INSERT INTO "categories_task" ("title", "category_id", "owner_id", "is_deleted") VALUES ('чрфрір', NULL, 1, 0) RETURNING "categories_task"."id"; args=('чрфрір', None, 1, False); alias=default
DEBUG 2026-05-22 16:57:54,121 utils (0.000) SELECT "categories_subtask"."id", "categories_subtask"."title", "categories_subtask"."task_id", "categories_subtask"."owner_id", "categories_subtask"."is_deleted" FROM "categories_subtask" WHERE "categories_subtask"."task_id" = 1; args=(1,); alias=default
DEBUG 2026-05-22 16:59:16,695 utils (0.000) SELECT "auth_user"."id", "auth_user"."password", "auth_user"."last_login", "auth_user"."is_superuser", "auth_user"."username", "auth_user"."first_name", "auth_user"."last_name", "auth_user"."email", "auth_user"."is_staff", "auth_user"."is_active", "auth_user"."date_joined" FROM "auth_user" WHERE "auth_user"."id" = 1 LIMIT 21; args=(1,); alias=default
DEBUG 2026-05-22 16:59:16,697 utils (0.000) SELECT "categories_task"."id", "categories_task"."title", "categories_task"."category_id", "categories_task"."owner_id", "categories_task"."is_deleted" FROM "categories_task" WHERE (NOT "categories_task"."is_deleted" AND "categories_task"."owner_id" = 1); args=(1,); alias=default
DEBUG 2026-05-22 16:59:16,698 utils (0.000) SELECT "auth_user"."id", "auth_user"."password", "auth_user"."last_login", "auth_user"."is_superuser", "auth_user"."username", "auth_user"."first_name", "auth_user"."last_name", "auth_user"."email", "auth_user"."is_staff", "auth_user"."is_active", "auth_user"."date_joined" FROM "auth_user" WHERE "auth_user"."id" = 1 LIMIT 21; args=(1,); alias=default
DEBUG 2026-05-22 16:59:16,699 utils (0.000) SELECT "categories_subtask"."id", "categories_subtask"."title", "categories_subtask"."task_id", "categories_subtask"."owner_id", "categories_subtask"."is_deleted" FROM "categories_subtask" WHERE "categories_subtask"."task_id" = 1; args=(1,); alias=default
DEBUG 2026-05-22 17:23:17,108 utils (0.001) INSERT INTO "auth_user" ("password", "last_login", "is_superuser", "username", "first_name", "last_name", "email", "is_staff", "is_active", "date_joined") VALUES ('pbkdf2_sha256$1200000$BbTTD4AsVGjJSf3tTtITnB$LUKctgZmane6i26smF6IQe0LVZycRxnJXc+DKXMDQ7A=', NULL, 0, 'user2', '', '', '', 0, 1, '2026-05-22 15:23:16.008873') RETURNING "auth_user"."id"; args=('pbkdf2_sha256$1200000$BbTTD4AsVGjJSf3tTtITnB$LUKctgZmane6i26smF6IQe0LVZycRxnJXc+DKXMDQ7A=', None, False, 'user2', '', '', '', False, True, '2026-05-22 15:23:16.008873'); alias=default
DEBUG 2026-05-22 17:23:59,020 utils (0.000) 
            SELECT name, type FROM sqlite_master
            WHERE type in ('table', 'view') AND NOT name='sqlite_sequence'
            ORDER BY name; args=None; alias=default
DEBUG 2026-05-22 17:23:59,025 utils (0.001) SELECT "django_migrations"."id", "django_migrations"."app", "django_migrations"."name", "django_migrations"."applied" FROM "django_migrations"; args=(); alias=default
DEBUG 2026-05-22 17:27:14,209 utils (0.000) 
            SELECT name, type FROM sqlite_master
            WHERE type in ('table', 'view') AND NOT name='sqlite_sequence'
            ORDER BY name; args=None; alias=default
DEBUG 2026-05-22 17:27:14,213 utils (0.000) SELECT "django_migrations"."id", "django_migrations"."app", "django_migrations"."name", "django_migrations"."applied" FROM "django_migrations"; args=(); alias=default
DEBUG 2026-05-22 17:27:43,141 utils (0.000) SELECT "auth_user"."id", "auth_user"."password", "auth_user"."last_login", "auth_user"."is_superuser", "auth_user"."username", "auth_user"."first_name", "auth_user"."last_name", "auth_user"."email", "auth_user"."is_staff", "auth_user"."is_active", "auth_user"."date_joined" FROM "auth_user" WHERE "auth_user"."username" = 'user2' LIMIT 21; args=('user2',); alias=default
DEBUG 2026-05-22 17:30:33,705 utils (0.000) SELECT "auth_user"."id", "auth_user"."password", "auth_user"."last_login", "auth_user"."is_superuser", "auth_user"."username", "auth_user"."first_name", "auth_user"."last_name", "auth_user"."email", "auth_user"."is_staff", "auth_user"."is_active", "auth_user"."date_joined" FROM "auth_user" WHERE "auth_user"."id" = 2 LIMIT 21; args=(2,); alias=default
DEBUG 2026-05-22 17:30:33,706 utils (0.000) SELECT "categories_task"."id", "categories_task"."title", "categories_task"."category_id", "categories_task"."owner_id", "categories_task"."is_deleted" FROM "categories_task" WHERE (NOT "categories_task"."is_deleted" AND "categories_task"."owner_id" = 2 AND "categories_task"."id" = 1) LIMIT 21; args=(2, 1); alias=default
DEBUG 2026-05-22 17:31:15,682 utils (0.001) SELECT "auth_user"."id", "auth_user"."password", "auth_user"."last_login", "auth_user"."is_superuser", "auth_user"."username", "auth_user"."first_name", "auth_user"."last_name", "auth_user"."email", "auth_user"."is_staff", "auth_user"."is_active", "auth_user"."date_joined" FROM "auth_user" WHERE "auth_user"."id" = 2 LIMIT 21; args=(2,); alias=default
DEBUG 2026-05-22 17:31:15,685 utils (0.000) SELECT "categories_task"."id", "categories_task"."title", "categories_task"."category_id", "categories_task"."owner_id", "categories_task"."is_deleted" FROM "categories_task" WHERE (NOT "categories_task"."is_deleted" AND "categories_task"."owner_id" = 2) ORDER BY "categories_task"."id" ASC LIMIT 6; args=(2,); alias=default
DEBUG 2026-05-22 17:31:58,542 utils (0.000) SELECT "auth_user"."id", "auth_user"."password", "auth_user"."last_login", "auth_user"."is_superuser", "auth_user"."username", "auth_user"."first_name", "auth_user"."last_name", "auth_user"."email", "auth_user"."is_staff", "auth_user"."is_active", "auth_user"."date_joined" FROM "auth_user" WHERE "auth_user"."username" = 'illia' LIMIT 21; args=('illia',); alias=default
DEBUG 2026-05-22 17:32:20,896 utils (0.000) SELECT "auth_user"."id", "auth_user"."password", "auth_user"."last_login", "auth_user"."is_superuser", "auth_user"."username", "auth_user"."first_name", "auth_user"."last_name", "auth_user"."email", "auth_user"."is_staff", "auth_user"."is_active", "auth_user"."date_joined" FROM "auth_user" WHERE "auth_user"."id" = 1 LIMIT 21; args=(1,); alias=default
DEBUG 2026-05-22 17:32:20,897 utils (0.000) SELECT "categories_task"."id", "categories_task"."title", "categories_task"."category_id", "categories_task"."owner_id", "categories_task"."is_deleted" FROM "categories_task" WHERE (NOT "categories_task"."is_deleted" AND "categories_task"."owner_id" = 1) ORDER BY "categories_task"."id" ASC LIMIT 6; args=(1,); alias=default
DEBUG 2026-05-22 17:32:20,899 utils (0.000) SELECT "auth_user"."id", "auth_user"."password", "auth_user"."last_login", "auth_user"."is_superuser", "auth_user"."username", "auth_user"."first_name", "auth_user"."last_name", "auth_user"."email", "auth_user"."is_staff", "auth_user"."is_active", "auth_user"."date_joined" FROM "auth_user" WHERE "auth_user"."id" = 1 LIMIT 21; args=(1,); alias=default
DEBUG 2026-05-22 17:32:20,900 utils (0.000) SELECT "categories_subtask"."id", "categories_subtask"."title", "categories_subtask"."task_id", "categories_subtask"."owner_id", "categories_subtask"."is_deleted" FROM "categories_subtask" WHERE "categories_subtask"."task_id" = 1; args=(1,); alias=default
DEBUG 2026-05-22 17:33:29,259 utils (0.000) SELECT "auth_user"."id", "auth_user"."password", "auth_user"."last_login", "auth_user"."is_superuser", "auth_user"."username", "auth_user"."first_name", "auth_user"."last_name", "auth_user"."email", "auth_user"."is_staff", "auth_user"."is_active", "auth_user"."date_joined" FROM "auth_user" WHERE "auth_user"."id" = 1 LIMIT 21; args=(1,); alias=default
