INFO 2026-05-22 16:30:53,755 log "GET /api/categories/ HTTP/1.1" 200 486
WARNING 2026-05-22 16:41:30,085 log "POST /api/token/ HTTP/1.1" 401 63
INFO 2026-05-22 16:41:50,067 log "POST /api/token/ HTTP/1.1" 200 489
INFO 2026-05-22 16:42:44,489 log "GET /api/categories/ HTTP/1.1" 200 420
WARNING 2026-05-22 16:43:07,808 log "GET /api/categories/ HTTP/1.1" 401 58
INFO 2026-05-22 16:43:40,156 log "GET /api/categories/ HTTP/1.1" 200 420
WARNING 2026-05-22 16:43:50,144 log "GET /api/categories/?cursor=cD02 HTTP/1.1" 401 58
INFO 2026-05-22 16:43:58,053 log "GET /api/categories/?cursor=cD02 HTTP/1.1" 200 228
WARNING 2026-05-22 16:57:06,614 log "POST /api/tasks/ HTTP/1.1" 401 172
INFO 2026-05-22 16:57:30,570 log "POST /api/token/ HTTP/1.1" 200 489
INFO 2026-05-22 16:57:54,122 log "POST /api/tasks/ HTTP/1.1" 201 96
WARNING 2026-05-22 16:58:27,787 log "GET /api/tasks/my_tasks/ HTTP/1.1" 401 172
WARNING 2026-05-22 16:58:48,585 log "GET /api/tasks/my_tasks/ HTTP/1.1" 401 107
INFO 2026-05-22 16:59:16,699 log "GET /api/tasks/my_tasks/ HTTP/1.1" 200 98
WARNING 2026-05-22 17:00:10,080 log "DELETE /api/tasks/1/ HTTP/1.1" 401 58
INFO 2026-05-22 17:27:44,366 log "POST /api/token/ HTTP/1.1" 200 489
WARNING 2026-05-22 17:30:33,708 log "DELETE /api/tasks/1/ HTTP/1.1" 404 45
INFO 2026-05-22 17:31:15,687 log "GET /api/tasks/ HTTP/1.1" 200 42
WARNING 2026-05-22 17:31:39,313 log "GET /api/tasks/ HTTP/1.1" 401 172
INFO 2026-05-22 17:31:59,713 log "POST /api/token/ HTTP/1.1" 200 489
INFO 2026-05-22 17:32:20,901 log "GET /api/tasks/ HTTP/1.1" 200 138
INFO 2026-05-22 17:33:29,260 log "POST /api/token/refresh/ HTTP/1.1" 200 244
INFO 2026-05-22 17:33:50,206 log "GET /swagger/ HTTP/1.1" 200 2157
INFO 2026-05-22 17:33:50,485 log "GET /static/drf-yasg/style.css HTTP/1.1" 200 1187
INFO 2026-05-22 17:33:50,530 log "GET /static/drf-yasg/swagger-ui-dist/swagger-ui.css HTTP/1.1" 200 177183
INFO 2026-05-22 17:33:50,556 log "GET /static/drf-yasg/swagger-ui-init.js HTTP/1.1" 200 15480
INFO 2026-05-22 17:33:50,570 log "GET /static/drf-yasg/insQ.min.js HTTP/1.1" 200 2093
INFO 2026-05-22 17:33:50,597 log "GET /static/drf-yasg/immutable.min.js HTTP/1.1" 200 56904
INFO 2026-05-22 17:33:50,657 log "GET /static/drf-yasg/swagger-ui-dist/swagger-ui-standalone-preset.js HTTP/1.1" 200 252451
INFO 2026-05-22 17:33:50,711 log "GET /static/drf-yasg/swagger-ui-dist/swagger-ui-bundle.js HTTP/1.1" 200 1510271
INFO 2026-05-22 17:33:50,941 log "GET /static/drf-yasg/swagger-ui-dist/favicon-32x32.png HTTP/1.1" 200 628
INFO 2026-05-22 17:33:51,075 log "GET /swagger/?format=openapi HTTP/1.1" 200 9579
INFO 2026-05-22 18:01:04,866 log "POST /api/auth/register/ HTTP/1.1" 201 107
WARNING 2026-05-22 18:01:34,441 log "POST /api/auth/register/ HTTP/1.1" 400 204
INFO 2026-05-22 18:02:02,514 log "POST /api/auth/login/ HTTP/1.1" 200 543
WARNING 2026-05-22 18:02:31,079 log "POST /api/auth/login/ HTTP/1.1" 401 60
INFO 2026-05-22 18:03:52,960 log "POST /api/auth/logout/ HTTP/1.1" 200 57
INFO 2026-05-22 18:05:15,823 log "POST /api/auth/login/ HTTP/1.1" 200 543
WARNING 2026-05-22 18:06:08,477 log "POST /api/auth/logout/ HTTP/1.1" 400 79
INFO 2026-05-22 18:06:36,229 log "POST /api/auth/logout/ HTTP/1.1" 200 57
WARNING 2026-05-22 18:07:16,388 log "POST /api/auth/logout/ HTTP/1.1" 401 58
WARNING 2026-05-22 18:07:32,098 log "POST /api/auth/logout/ HTTP/1.1" 400 79
